[debug] [2022-03-23T07:06:11.769Z] ----------------------------------------------------------------------
[debug] [2022-03-23T07:06:11.779Z] Command:       C:\Program Files\nodejs32\node.exe C:\Program Files\nodejs32\node_modules\firebase-tools\lib\bin\firebase.js emulators:start
[debug] [2022-03-23T07:06:11.781Z] CLI Version:   10.4.0
[debug] [2022-03-23T07:06:11.782Z] Platform:      win32
[debug] [2022-03-23T07:06:11.782Z] Node Version:  v14.15.1
[debug] [2022-03-23T07:06:11.800Z] Time:          Wed Mar 23 2022 12:36:11 GMT+0530 (India Standard Time)
[debug] [2022-03-23T07:06:11.801Z] ----------------------------------------------------------------------
[debug] 
[debug] [2022-03-23T07:06:12.266Z] > command requires scopes: ["email","openid","https://www.googleapis.com/auth/cloudplatformprojects.readonly","https://www.googleapis.com/auth/firebase","https://www.googleapis.com/auth/cloud-platform"]
[debug] [2022-03-23T07:06:12.267Z] > authorizing via signed-in user (iamsoumyass@gmail.com)
[info] i  emulators: Starting emulators: functions, hosting {"metadata":{"emulator":{"name":"hub"},"message":"Starting emulators: functions, hosting"}}
[debug] [2022-03-23T07:06:13.650Z] [hub] writing locator at C:\Users\user\AppData\Local\Temp\hub-clone-5c53d.json
[warn] !  functions: The following emulators are not running, calls to these services from the Functions emulator will affect production: auth, firestore, database, pubsub, storage {"metadata":{"emulator":{"name":"functions"},"message":"The following emulators are not running, calls to these services from the Functions emulator will affect production: \u001b[1mauth, firestore, database, pubsub, storage\u001b[22m"}}
[warn] !  Your requested "node" version "16" doesn't match your global version "14". Using node@14 from host. {"metadata":{"emulator":{"name":"functions"},"message":"Your requested \"node\" version \"16\" doesn't match your global version \"14\". Using node@14 from host."}}
[debug] [2022-03-23T07:06:14.873Z] defaultcredentials: writing to file C:\Users\user\AppData\Roaming\firebase\iamsoumyass_gmail_com_application_default_credentials.json
[debug] [2022-03-23T07:06:14.881Z] Setting GAC to C:\Users\user\AppData\Roaming\firebase\iamsoumyass_gmail_com_application_default_credentials.json {"metadata":{"emulator":{"name":"functions"},"message":"Setting GAC to C:\\Users\\user\\AppData\\Roaming\\firebase\\iamsoumyass_gmail_com_application_default_credentials.json"}}
[debug] [2022-03-23T07:06:14.896Z] >>> [apiv2][query] GET https://firebase.googleapis.com/v1beta1/projects/clone-5c53d/adminSdkConfig [none]
[debug] [2022-03-23T07:06:16.081Z] <<< [apiv2][status] GET https://firebase.googleapis.com/v1beta1/projects/clone-5c53d/adminSdkConfig 200
[debug] [2022-03-23T07:06:16.082Z] <<< [apiv2][body] GET https://firebase.googleapis.com/v1beta1/projects/clone-5c53d/adminSdkConfig {"projectId":"clone-5c53d","storageBucket":"clone-5c53d.appspot.com"}
[debug] [2022-03-23T07:06:17.146Z] >>> [apiv2][query] GET https://firebasehosting.googleapis.com/v1beta1/projects/clone-5c53d/sites 
[debug] [2022-03-23T07:06:19.594Z] <<< [apiv2][status] GET https://firebasehosting.googleapis.com/v1beta1/projects/clone-5c53d/sites 200
[debug] [2022-03-23T07:06:19.594Z] <<< [apiv2][body] GET https://firebasehosting.googleapis.com/v1beta1/projects/clone-5c53d/sites {"sites":[{"name":"projects/787314374922/sites/clone-5c53d","defaultUrl":"https://clone-5c53d.web.app","appId":"1:787314374922:web:5eaf4b05bfce82943822f3","type":"DEFAULT_SITE"}]}
[debug] [2022-03-23T07:06:19.596Z] >>> [apiv2][query] GET https://firebase.googleapis.com/v1beta1/projects/clone-5c53d/webApps/1:787314374922:web:5eaf4b05bfce82943822f3/config [none]
[debug] [2022-03-23T07:06:21.187Z] <<< [apiv2][status] GET https://firebase.googleapis.com/v1beta1/projects/clone-5c53d/webApps/1:787314374922:web:5eaf4b05bfce82943822f3/config 200
[debug] [2022-03-23T07:06:21.188Z] <<< [apiv2][body] GET https://firebase.googleapis.com/v1beta1/projects/clone-5c53d/webApps/1:787314374922:web:5eaf4b05bfce82943822f3/config {"projectId":"clone-5c53d","appId":"1:787314374922:web:5eaf4b05bfce82943822f3","storageBucket":"clone-5c53d.appspot.com","apiKey":"AIzaSyChOp7HcCjg5bV9LqvvbLD_IKYRBsGRN88","authDomain":"clone-5c53d.firebaseapp.com","messagingSenderId":"787314374922","measurementId":"G-NGMY6KYWC9"}
[info] i  hosting: Serving hosting files from: build {"metadata":{"emulator":{"name":"hosting"},"message":"Serving hosting files from: \u001b[1mbuild\u001b[22m"}}
[info] +  hosting: Local server: http://localhost:5000 {"metadata":{"emulator":{"name":"hosting"},"message":"Local server: \u001b[4m\u001b[1mhttp://localhost:5000\u001b[22m\u001b[24m"}}
[info] i  ui: downloading ui-v1.6.5.zip... {"metadata":{"emulator":{"name":"ui"},"message":"downloading ui-v1.6.5.zip..."}}
[debug] [2022-03-23T07:06:23.794Z] >>> [apiv2][query] GET https://storage.googleapis.com/firebase-preview-drop/emulator/ui-v1.6.5.zip 
[debug] [2022-03-23T07:06:24.614Z] <<< [apiv2][status] GET https://storage.googleapis.com/firebase-preview-drop/emulator/ui-v1.6.5.zip 200
[debug] [2022-03-23T07:06:24.615Z] <<< [apiv2][body] GET https://storage.googleapis.com/firebase-preview-drop/emulator/ui-v1.6.5.zip [stream]
[debug] [2022-03-23T07:06:32.617Z] Ignoring unsupported arg: auto_download {"metadata":{"emulator":{"name":"ui"},"message":"Ignoring unsupported arg: auto_download"}}
[debug] [2022-03-23T07:06:32.618Z] Ignoring unsupported arg: port {"metadata":{"emulator":{"name":"ui"},"message":"Ignoring unsupported arg: port"}}
[debug] [2022-03-23T07:06:32.618Z] Starting Emulator UI with command {"binary":"node","args":["C:\\Users\\user\\.cache\\firebase\\emulators\\ui-v1.6.5\\server.bundle.js"],"optionalArgs":[],"joinArgs":false} {"metadata":{"emulator":{"name":"ui"},"message":"Starting Emulator UI with command {\"binary\":\"node\",\"args\":[\"C:\\\\Users\\\\user\\\\.cache\\\\firebase\\\\emulators\\\\ui-v1.6.5\\\\server.bundle.js\"],\"optionalArgs\":[],\"joinArgs\":false}"}}
[info] i  ui: Emulator UI logging to ui-debug.log {"metadata":{"emulator":{"name":"ui"},"message":"Emulator UI logging to \u001b[1mui-debug.log\u001b[22m"}}
[debug] [2022-03-23T07:06:33.740Z] Web / API server started at localhost:4000
 {"metadata":{"emulator":{"name":"ui"},"message":"Web / API server started at localhost:4000\n"}}
[info] i  functions: Watching "C:\Users\user\Desktop\MANI\WEB DEV\REACT\amazon-clone\functions" for Cloud Functions... {"metadata":{"emulator":{"name":"functions"},"message":"Watching \"C:\\Users\\user\\Desktop\\MANI\\WEB DEV\\REACT\\amazon-clone\\functions\" for Cloud Functions..."}}
[debug] [2022-03-23T07:06:34.203Z] Validating nodejs source
[debug] [2022-03-23T07:07:12.453Z] > [functions] package.json contents: {
  "name": "functions",
  "description": "Cloud Functions for Firebase",
  "scripts": {
    "lint": "eslint .",
    "serve": "firebase emulators:start --only functions",
    "shell": "firebase functions:shell",
    "start": "npm run shell",
    "deploy": "firebase deploy --only functions",
    "logs": "firebase functions:log"
  },
  "engines": {
    "node": "16"
  },
  "main": "index.js",
  "dependencies": {
    "cors": "^2.8.5",
    "express": "^4.17.3",
    "firebase-admin": "^10.0.2",
    "firebase-functions": "^3.18.0",
    "stripe": "^8.210.0"
  },
  "devDependencies": {
    "eslint": "^8.9.0",
    "eslint-config-google": "^0.14.0",
    "firebase-functions-test": "^0.2.0"
  },
  "private": true
}
[debug] [2022-03-23T07:07:12.454Z] Building nodejs source
[debug] [2022-03-23T07:07:12.455Z] Analyzing nodejs backend spec
[info] i  emulators: Shutting down emulators. {"metadata":{"emulator":{"name":"hub"},"message":"Shutting down emulators."}}
[info] i  ui: Stopping Emulator UI {"metadata":{"emulator":{"name":"ui"},"message":"Stopping Emulator UI"}}
[warn] !  Emulator UI has exited upon receiving signal: SIGINT 
[info] i  functions: Stopping Functions Emulator {"metadata":{"emulator":{"name":"functions"},"message":"Stopping Functions Emulator"}}
[info] i  hosting: Stopping Hosting Emulator {"metadata":{"emulator":{"name":"hosting"},"message":"Stopping Hosting Emulator"}}
[info] i  hub: Stopping emulator hub {"metadata":{"emulator":{"name":"hub"},"message":"Stopping emulator hub"}}
[info] i  logging: Stopping Logging Emulator {"metadata":{"emulator":{"name":"logging"},"message":"Stopping Logging Emulator"}}
[error] 
[error] Error: There was an unknown problem while trying to parse function triggers.
[debug] [2022-03-23T07:07:28.057Z] ----------------------------------------------------------------------
[debug] [2022-03-23T07:07:28.063Z] Command:       C:\Program Files\nodejs32\node.exe C:\Program Files\nodejs32\node_modules\firebase-tools\lib\bin\firebase.js emulators:start
[debug] [2022-03-23T07:07:28.064Z] CLI Version:   10.4.0
[debug] [2022-03-23T07:07:28.064Z] Platform:      win32
[debug] [2022-03-23T07:07:28.064Z] Node Version:  v14.15.1
[debug] [2022-03-23T07:07:28.067Z] Time:          Wed Mar 23 2022 12:37:28 GMT+0530 (India Standard Time)
[debug] [2022-03-23T07:07:28.067Z] ----------------------------------------------------------------------
[debug] 
[debug] [2022-03-23T07:07:28.271Z] > command requires scopes: ["email","openid","https://www.googleapis.com/auth/cloudplatformprojects.readonly","https://www.googleapis.com/auth/firebase","https://www.googleapis.com/auth/cloud-platform"]
[debug] [2022-03-23T07:07:28.272Z] > authorizing via signed-in user (iamsoumyass@gmail.com)
[info] i  emulators: Starting emulators: functions, hosting {"metadata":{"emulator":{"name":"hub"},"message":"Starting emulators: functions, hosting"}}
[debug] [2022-03-23T07:07:29.415Z] [hub] writing locator at C:\Users\user\AppData\Local\Temp\hub-clone-5c53d.json
[warn] !  functions: The following emulators are not running, calls to these services from the Functions emulator will affect production: auth, firestore, database, pubsub, storage {"metadata":{"emulator":{"name":"functions"},"message":"The following emulators are not running, calls to these services from the Functions emulator will affect production: \u001b[1mauth, firestore, database, pubsub, storage\u001b[22m"}}
[warn] !  Your requested "node" version "16" doesn't match your global version "14". Using node@14 from host. {"metadata":{"emulator":{"name":"functions"},"message":"Your requested \"node\" version \"16\" doesn't match your global version \"14\". Using node@14 from host."}}
[debug] [2022-03-23T07:07:30.526Z] defaultcredentials: writing to file C:\Users\user\AppData\Roaming\firebase\iamsoumyass_gmail_com_application_default_credentials.json
[debug] [2022-03-23T07:07:30.530Z] Setting GAC to C:\Users\user\AppData\Roaming\firebase\iamsoumyass_gmail_com_application_default_credentials.json {"metadata":{"emulator":{"name":"functions"},"message":"Setting GAC to C:\\Users\\user\\AppData\\Roaming\\firebase\\iamsoumyass_gmail_com_application_default_credentials.json"}}
[debug] [2022-03-23T07:07:30.543Z] >>> [apiv2][query] GET https://firebase.googleapis.com/v1beta1/projects/clone-5c53d/adminSdkConfig [none]
[debug] [2022-03-23T07:07:31.305Z] <<< [apiv2][status] GET https://firebase.googleapis.com/v1beta1/projects/clone-5c53d/adminSdkConfig 200
[debug] [2022-03-23T07:07:31.306Z] <<< [apiv2][body] GET https://firebase.googleapis.com/v1beta1/projects/clone-5c53d/adminSdkConfig {"projectId":"clone-5c53d","storageBucket":"clone-5c53d.appspot.com"}
[debug] [2022-03-23T07:07:32.368Z] >>> [apiv2][query] GET https://firebasehosting.googleapis.com/v1beta1/projects/clone-5c53d/sites 
[debug] [2022-03-23T07:07:34.461Z] <<< [apiv2][status] GET https://firebasehosting.googleapis.com/v1beta1/projects/clone-5c53d/sites 200
[debug] [2022-03-23T07:07:34.462Z] <<< [apiv2][body] GET https://firebasehosting.googleapis.com/v1beta1/projects/clone-5c53d/sites {"sites":[{"name":"projects/787314374922/sites/clone-5c53d","defaultUrl":"https://clone-5c53d.web.app","appId":"1:787314374922:web:5eaf4b05bfce82943822f3","type":"DEFAULT_SITE"}]}
[debug] [2022-03-23T07:07:34.463Z] >>> [apiv2][query] GET https://firebase.googleapis.com/v1beta1/projects/clone-5c53d/webApps/1:787314374922:web:5eaf4b05bfce82943822f3/config [none]
[debug] [2022-03-23T07:07:36.056Z] <<< [apiv2][status] GET https://firebase.googleapis.com/v1beta1/projects/clone-5c53d/webApps/1:787314374922:web:5eaf4b05bfce82943822f3/config 200
[debug] [2022-03-23T07:07:36.056Z] <<< [apiv2][body] GET https://firebase.googleapis.com/v1beta1/projects/clone-5c53d/webApps/1:787314374922:web:5eaf4b05bfce82943822f3/config {"projectId":"clone-5c53d","appId":"1:787314374922:web:5eaf4b05bfce82943822f3","storageBucket":"clone-5c53d.appspot.com","apiKey":"AIzaSyChOp7HcCjg5bV9LqvvbLD_IKYRBsGRN88","authDomain":"clone-5c53d.firebaseapp.com","messagingSenderId":"787314374922","measurementId":"G-NGMY6KYWC9"}
[info] i  hosting: Serving hosting files from: build {"metadata":{"emulator":{"name":"hosting"},"message":"Serving hosting files from: \u001b[1mbuild\u001b[22m"}}
[info] +  hosting: Local server: http://localhost:5000 {"metadata":{"emulator":{"name":"hosting"},"message":"Local server: \u001b[4m\u001b[1mhttp://localhost:5000\u001b[22m\u001b[24m"}}
[debug] [2022-03-23T07:07:38.194Z] Ignoring unsupported arg: auto_download {"metadata":{"emulator":{"name":"ui"},"message":"Ignoring unsupported arg: auto_download"}}
[debug] [2022-03-23T07:07:38.195Z] Ignoring unsupported arg: port {"metadata":{"emulator":{"name":"ui"},"message":"Ignoring unsupported arg: port"}}
[debug] [2022-03-23T07:07:38.196Z] Starting Emulator UI with command {"binary":"node","args":["C:\\Users\\user\\.cache\\firebase\\emulators\\ui-v1.6.5\\server.bundle.js"],"optionalArgs":[],"joinArgs":false} {"metadata":{"emulator":{"name":"ui"},"message":"Starting Emulator UI with command {\"binary\":\"node\",\"args\":[\"C:\\\\Users\\\\user\\\\.cache\\\\firebase\\\\emulators\\\\ui-v1.6.5\\\\server.bundle.js\"],\"optionalArgs\":[],\"joinArgs\":false}"}}
[info] i  ui: Emulator UI logging to ui-debug.log {"metadata":{"emulator":{"name":"ui"},"message":"Emulator UI logging to \u001b[1mui-debug.log\u001b[22m"}}
[debug] [2022-03-23T07:07:39.213Z] Web / API server started at localhost:4000
 {"metadata":{"emulator":{"name":"ui"},"message":"Web / API server started at localhost:4000\n"}}
[info] i  functions: Watching "C:\Users\user\Desktop\MANI\WEB DEV\REACT\amazon-clone\functions" for Cloud Functions... {"metadata":{"emulator":{"name":"functions"},"message":"Watching \"C:\\Users\\user\\Desktop\\MANI\\WEB DEV\\REACT\\amazon-clone\\functions\" for Cloud Functions..."}}
[debug] [2022-03-23T07:07:39.318Z] Validating nodejs source
[debug] [2022-03-23T07:07:48.672Z] > [functions] package.json contents: {
  "name": "functions",
  "description": "Cloud Functions for Firebase",
  "scripts": {
    "lint": "eslint .",
    "serve": "firebase emulators:start --only functions",
    "shell": "firebase functions:shell",
    "start": "npm run shell",
    "deploy": "firebase deploy --only functions",
    "logs": "firebase functions:log"
  },
  "engines": {
    "node": "16"
  },
  "main": "index.js",
  "dependencies": {
    "cors": "^2.8.5",
    "express": "^4.17.3",
    "firebase-admin": "^10.0.2",
    "firebase-functions": "^3.18.0",
    "stripe": "^8.210.0"
  },
  "devDependencies": {
    "eslint": "^8.9.0",
    "eslint-config-google": "^0.14.0",
    "firebase-functions-test": "^0.2.0"
  },
  "private": true
}
[debug] [2022-03-23T07:07:48.673Z] Building nodejs source
[debug] [2022-03-23T07:07:48.674Z] Analyzing nodejs backend spec
[info] i  emulators: Shutting down emulators. {"metadata":{"emulator":{"name":"hub"},"message":"Shutting down emulators."}}
[info] i  ui: Stopping Emulator UI {"metadata":{"emulator":{"name":"ui"},"message":"Stopping Emulator UI"}}
[warn] !  Emulator UI has exited upon receiving signal: SIGINT 
[info] i  functions: Stopping Functions Emulator {"metadata":{"emulator":{"name":"functions"},"message":"Stopping Functions Emulator"}}
[info] i  hosting: Stopping Hosting Emulator {"metadata":{"emulator":{"name":"hosting"},"message":"Stopping Hosting Emulator"}}
[info] i  hub: Stopping emulator hub {"metadata":{"emulator":{"name":"hub"},"message":"Stopping emulator hub"}}
[info] i  logging: Stopping Logging Emulator {"metadata":{"emulator":{"name":"logging"},"message":"Stopping Logging Emulator"}}
[error] 
[error] Error: There was an unknown problem while trying to parse function triggers.
